-------------------------------------------------------------------------------
Test set: com.sarthi.SarthiApplicationTests
-------------------------------------------------------------------------------
Tests run: 1, Failures: 0, Errors: 1, Skipped: 0, Time elapsed: 2.544 s <<< FAILURE! - in com.sarthi.SarthiApplicationTests
contextLoads  Time elapsed: 0.017 s  <<< ERROR!
java.lang.IllegalStateException: Failed to load ApplicationContext
Caused by: org.springframework.beans.factory.support.BeanDefinitionOverrideException: Invalid bean definition with name 'delegatingApplicationListener' defined in class path resource [com/sarthi/config/SecurityConfig.class]: Cannot register bean definition [Root bean: class [com.sarthi.config.SecurityConfig]; scope=; abstract=false; lazyInit=null; autowireMode=3; dependencyCheck=0; autowireCandidate=true; primary=false; factoryBeanName=null; factoryMethodName=delegatingApplicationListener; initMethodName=null; destroyMethodName=(inferred); defined in class path resource [com/sarthi/config/SecurityConfig.class]] for bean 'delegatingApplicationListener': There is already [Root bean: class [org.springframework.security.config.annotation.web.configuration.WebSecurityConfiguration]; scope=; abstract=false; lazyInit=null; autowireMode=3; dependencyCheck=0; autowireCandidate=true; primary=false; factoryBeanName=null; factoryMethodName=delegatingApplicationListener; initMethodName=null; destroyMethodName=(inferred); defined in class path resource [org/springframework/security/config/annotation/web/configuration/WebSecurityConfiguration.class]] bound.

